# JRE version: OpenJDK Runtime Environment Temurin-17.0.4.1+1 (17.0.4.1+1) (build 17.0.4.1+1)
# Java VM: OpenJDK 64-Bit Server VM Temurin-17.0.4.1+1 (17.0.4.1+1, mixed mode, emulated-client, tiered, compressed oops, compressed class ptrs, g1 gc, windows-amd64)
GC Precious Log:
 CPUs: 4 total, 4 available
 Memory: 8090M
 Large Page Support: Disabled
 NUMA Support: Disabled
 Compressed Oops: Enabled (32-bit)
 Heap Region Size: 1M
 Heap Min Capacity: 8M
 Heap Initial Capacity: 128M
 Heap Max Capacity: 2024M
 Pre-touch: Disabled
 Parallel Workers: 4
 Concurrent Workers: 1
 Concurrent Refinement Workers: 4
 Periodic GC: Disabled
Heap:
 garbage-first heap   total 71680K, used 26209K [0x0000000081800000, 0x0000000100000000)
  region size 1024K, 5 young (5120K), 4 survivors (4096K)
 Metaspace       used 70365K, committed 70976K, reserved 1114112K
  class space    used 9567K, committed 9792K, reserved 1048576K
GC Heap History (20 events):
Event: 113795.261 GC heap before
{Heap before GC invocations=140 (full 8):
 garbage-first heap   total 71680K, used 60876K [0x0000000081800000, 0x0000000100000000)
  region size 1024K, 34 young (34816K), 1 survivors (1024K)
 Metaspace       used 70023K, committed 70656K, reserved 1114112K
  class space    used 9540K, committed 9792K, reserved 1048576K
}
Event: 113795.266 GC heap after
{Heap after GC invocations=141 (full 8):
 garbage-first heap   total 71680K, used 27067K [0x0000000081800000, 0x0000000100000000)
  region size 1024K, 1 young (1024K), 1 survivors (1024K)
 Metaspace       used 70023K, committed 70656K, reserved 1114112K
  class space    used 9540K, committed 9792K, reserved 1048576K
}
Event: 114181.287 GC heap before
{Heap before GC invocations=141 (full 8):
 garbage-first heap   total 71680K, used 60859K [0x0000000081800000, 0x0000000100000000)
  region size 1024K, 34 young (34816K), 1 survivors (1024K)
 Metaspace       used 70023K, committed 70656K, reserved 1114112K
  class space    used 9540K, committed 9792K, reserved 1048576K
}
Event: 114181.292 GC heap after
{Heap after GC invocations=142 (full 8):
 garbage-first heap   total 71680K, used 27077K [0x0000000081800000, 0x0000000100000000)
  region size 1024K, 1 young (1024K), 1 survivors (1024K)
 Metaspace       used 70023K, committed 70656K, reserved 1114112K
  class space    used 9540K, committed 9792K, reserved 1048576K
}
Event: 114567.819 GC heap before
{Heap before GC invocations=142 (full 8):
 garbage-first heap   total 71680K, used 60869K [0x0000000081800000, 0x0000000100000000)
  region size 1024K, 34 young (34816K), 1 survivors (1024K)
 Metaspace       used 70023K, committed 70656K, reserved 1114112K
  class space    used 9540K, committed 9792K, reserved 1048576K
}
Event: 114567.824 GC heap after
{Heap after GC invocations=143 (full 8):
 garbage-first heap   total 71680K, used 27073K [0x0000000081800000, 0x0000000100000000)
  region size 1024K, 1 young (1024K), 1 survivors (1024K)
 Metaspace       used 70023K, committed 70656K, reserved 1114112K
  class space    used 9540K, committed 9792K, reserved 1048576K
}
Event: 114919.085 GC heap before
{Heap before GC invocations=143 (full 8):
 garbage-first heap   total 71680K, used 60865K [0x0000000081800000, 0x0000000100000000)
  region size 1024K, 34 young (34816K), 1 survivors (1024K)
 Metaspace       used 70023K, committed 70656K, reserved 1114112K
  class space    used 9540K, committed 9792K, reserved 1048576K
}
Event: 114919.090 GC heap after
{Heap after GC invocations=144 (full 8):
 garbage-first heap   total 71680K, used 27103K [0x0000000081800000, 0x0000000100000000)
  region size 1024K, 1 young (1024K), 1 survivors (1024K)
 Metaspace       used 70023K, committed 70656K, reserved 1114112K
  class space    used 9540K, committed 9792K, reserved 1048576K
}
Event: 115131.231 GC heap before
{Heap before GC invocations=144 (full 8):
 garbage-first heap   total 71680K, used 47583K [0x0000000081800000, 0x0000000100000000)
  region size 1024K, 22 young (22528K), 1 survivors (1024K)
 Metaspace       used 70043K, committed 70656K, reserved 1114112K
  class space    used 9544K, committed 9792K, reserved 1048576K
}
Event: 115131.425 GC heap after
{Heap after GC invocations=145 (full 9):
 garbage-first heap   total 71680K, used 20275K [0x0000000081800000, 0x0000000100000000)
  region size 1024K, 0 young (0K), 0 survivors (0K)
 Metaspace       used 70020K, committed 70656K, reserved 1114112K
  class space    used 9540K, committed 9792K, reserved 1048576K
}
Event: 115133.937 GC heap before
{Heap before GC invocations=145 (full 9):
 garbage-first heap   total 71680K, used 61235K [0x0000000081800000, 0x0000000100000000)
  region size 1024K, 40 young (40960K), 0 survivors (0K)
 Metaspace       used 70157K, committed 70784K, reserved 1114112K
  class space    used 9552K, committed 9792K, reserved 1048576K
}
Event: 115133.952 GC heap after
{Heap after GC invocations=146 (full 9):
 garbage-first heap   total 71680K, used 24505K [0x0000000081800000, 0x0000000100000000)
  region size 1024K, 5 young (5120K), 5 survivors (5120K)
 Metaspace       used 70157K, committed 70784K, reserved 1114112K
  class space    used 9552K, committed 9792K, reserved 1048576K
}
Event: 115240.640 GC heap before
{Heap before GC invocations=146 (full 9):
 garbage-first heap   total 71680K, used 56249K [0x0000000081800000, 0x0000000100000000)
  region size 1024K, 36 young (36864K), 5 survivors (5120K)
 Metaspace       used 70207K, committed 70848K, reserved 1114112K
  class space    used 9556K, committed 9792K, reserved 1048576K
}
Event: 115240.677 GC heap after
{Heap after GC invocations=147 (full 9):
 garbage-first heap   total 71680K, used 26793K [0x0000000081800000, 0x0000000100000000)
  region size 1024K, 3 young (3072K), 3 survivors (3072K)
 Metaspace       used 70207K, committed 70848K, reserved 1114112K
  class space    used 9556K, committed 9792K, reserved 1048576K
}
Event: 115515.583 GC heap before
{Heap before GC invocations=147 (full 9):
 garbage-first heap   total 71680K, used 51369K [0x0000000081800000, 0x0000000100000000)
  region size 1024K, 28 young (28672K), 3 survivors (3072K)
 Metaspace       used 70210K, committed 70848K, reserved 1114112K
  class space    used 9557K, committed 9792K, reserved 1048576K
}
Event: 115515.650 GC heap after
{Heap after GC invocations=148 (full 10):
 garbage-first heap   total 71680K, used 19650K [0x0000000081800000, 0x0000000100000000)
  region size 1024K, 0 young (0K), 0 survivors (0K)
 Metaspace       used 70179K, committed 70848K, reserved 1114112K
  class space    used 9551K, committed 9792K, reserved 1048576K
}
Event: 115518.113 GC heap before
{Heap before GC invocations=148 (full 10):
 garbage-first heap   total 71680K, used 55490K [0x0000000081800000, 0x0000000100000000)
  region size 1024K, 35 young (35840K), 0 survivors (0K)
 Metaspace       used 70217K, committed 70848K, reserved 1114112K
  class space    used 9557K, committed 9792K, reserved 1048576K
}
Event: 115518.119 GC heap after
{Heap after GC invocations=149 (full 10):
 garbage-first heap   total 71680K, used 23386K [0x0000000081800000, 0x0000000100000000)
  region size 1024K, 4 young (4096K), 4 survivors (4096K)
 Metaspace       used 70217K, committed 70848K, reserved 1114112K
  class space    used 9557K, committed 9792K, reserved 1048576K
}
Event: 115565.599 GC heap before
{Heap before GC invocations=149 (full 10):
 garbage-first heap   total 71680K, used 54106K [0x0000000081800000, 0x0000000100000000)
  region size 1024K, 35 young (35840K), 4 survivors (4096K)
 Metaspace       used 70365K, committed 70976K, reserved 1114112K
  class space    used 9567K, committed 9792K, reserved 1048576K
}
Event: 115565.613 GC heap after
{Heap after GC invocations=150 (full 10):
 garbage-first heap   total 71680K, used 26209K [0x0000000081800000, 0x0000000100000000)
  region size 1024K, 4 young (4096K), 4 survivors (4096K)
 Metaspace       used 70365K, committed 70976K, reserved 1114112K
  class space    used 9567K, committed 9792K, reserved 1048576K
}

